<?xml version="1.0" encoding="utf-8" standalone="no"?>
<!--This file represents the results of running a test suite-->
<test-results name="C:\SourceCode\DemoCalculator\CalculatorUnitTest\bin\Release\CalculatorUnitTest.dll" total="0" errors="0" failures="0" not-run="0" inconclusive="0" ignored="0" skipped="0" invalid="0" date="2015-10-24" time="21:19:26">
  <environment nunit-version="2.6.4.14350" clr-version="2.0.50727.8662" os-version="Microsoft Windows NT 6.2.9200.0" platform="Win32NT" cwd="C:\Program Files (x86)\NUnit 2.6.4\bin" machine-name="DESKTOP-LPSVR8U" user="Alexander Magmai" user-domain="DESKTOP-LPSVR8U" />
  <culture-info current-culture="th-TH" current-uiculture="en-US" />
  <test-suite type="Assembly" name="C:\SourceCode\DemoCalculator\CalculatorUnitTest\bin\Release\CalculatorUnitTest.dll" executed="True" result="Inconclusive" success="False" time="0.009" asserts="0" />
</test-results>